app/build/intermediates/manifest_merge_blame_file/debug/manifest-merger-blame-debug-report.txt
1<?xml version="1.0" encoding="utf-8"?>
2<manifest xmlns:android="http://schemas.android.com/apk/res/android"
3    package="com.emanuel.notbored"
4    android:versionCode="1"
5    android:versionName="1.0" >
6
7    <uses-sdk
8        android:minSdkVersion="24"
8-->src/main/AndroidManifest.xml
9        android:targetSdkVersion="31" />
9-->src/main/AndroidManifest.xml
10
11    <application
11-->src/main/AndroidManifest.xml:4:5-16:19
12        android:allowBackup="true"
12-->src/main/AndroidManifest.xml:4:18-44
13        android:appComponentFactory="androidx.core.app.CoreComponentFactory"
13-->[androidx.core:core:1.7.0] AndroidManifest.xml:24:18-86
14        android:debuggable="true"
15        android:extractNativeLibs="false"
16        android:icon="@mipmap/ic_launcher"
16-->src/main/AndroidManifest.xml:4:45-79
17        android:label="@string/app_name"
17-->src/main/AndroidManifest.xml:4:80-112
18        android:roundIcon="@mipmap/ic_launcher_round"
18-->src/main/AndroidManifest.xml:4:113-158
19        android:supportsRtl="true"
19-->src/main/AndroidManifest.xml:4:159-185
20        android:testOnly="true"
21        android:theme="@style/Theme.NotBored" >
21-->src/main/AndroidManifest.xml:4:186-223
22        <activity
22-->src/main/AndroidManifest.xml:5:9-87
23            android:name="com.emanuel.notbored.ui.details.DetailsActivity"
23-->src/main/AndroidManifest.xml:5:19-61
24            android:exported="true" />
24-->src/main/AndroidManifest.xml:5:62-85
25        <activity
25-->src/main/AndroidManifest.xml:6:9-91
26            android:name="com.emanuel.notbored.ui.activity.ActivitiesActivity"
26-->src/main/AndroidManifest.xml:6:19-65
27            android:exported="true" />
27-->src/main/AndroidManifest.xml:6:66-89
28        <activity
28-->src/main/AndroidManifest.xml:7:9-95
29            android:name="com.emanuel.notbored.ui.home.TermsAndConditionsActivity"
29-->src/main/AndroidManifest.xml:7:19-69
30            android:exported="true" />
30-->src/main/AndroidManifest.xml:7:70-93
31        <activity
31-->src/main/AndroidManifest.xml:8:9-15:20
32            android:name="com.emanuel.notbored.ui.home.MainActivity"
32-->src/main/AndroidManifest.xml:8:19-55
33            android:exported="true" >
33-->src/main/AndroidManifest.xml:8:56-79
34            <intent-filter>
34-->src/main/AndroidManifest.xml:10:13-13:29
35                <action android:name="android.intent.action.MAIN" />
35-->src/main/AndroidManifest.xml:11:17-68
35-->src/main/AndroidManifest.xml:11:25-66
36
37                <category android:name="android.intent.category.LAUNCHER" />
37-->src/main/AndroidManifest.xml:12:17-76
37-->src/main/AndroidManifest.xml:12:27-74
38            </intent-filter>
39        </activity>
40
41        <provider
41-->[androidx.emoji2:emoji2:1.0.0] AndroidManifest.xml:26:9-34:20
42            android:name="androidx.startup.InitializationProvider"
42-->[androidx.emoji2:emoji2:1.0.0] AndroidManifest.xml:27:13-67
43            android:authorities="com.emanuel.notbored.androidx-startup"
43-->[androidx.emoji2:emoji2:1.0.0] AndroidManifest.xml:28:13-68
44            android:exported="false" >
44-->[androidx.emoji2:emoji2:1.0.0] AndroidManifest.xml:29:13-37
45            <meta-data
45-->[androidx.emoji2:emoji2:1.0.0] AndroidManifest.xml:31:13-33:52
46                android:name="androidx.emoji2.text.EmojiCompatInitializer"
46-->[androidx.emoji2:emoji2:1.0.0] AndroidManifest.xml:32:17-75
47                android:value="androidx.startup" />
47-->[androidx.emoji2:emoji2:1.0.0] AndroidManifest.xml:33:17-49
48            <meta-data
48-->[androidx.lifecycle:lifecycle-process:2.4.0] AndroidManifest.xml:31:13-33:52
49                android:name="androidx.lifecycle.ProcessLifecycleInitializer"
49-->[androidx.lifecycle:lifecycle-process:2.4.0] AndroidManifest.xml:32:17-78
50                android:value="androidx.startup" />
50-->[androidx.lifecycle:lifecycle-process:2.4.0] AndroidManifest.xml:33:17-49
51        </provider>
52    </application>
53
54</manifest>